<?xml version="1.0" encoding="UTF-8"?>
<Site BuildName="(empty)"
	BuildStamp="20241204-1732-Experimental"
	Name="(empty)"
	Generator="ctest-3.31.1"
	CompilerName=""
	CompilerVersion=""
	OSName="macOS"
	Hostname="wmrs-Air"
	OSRelease="14.1.2"
	OSVersion="23B92"
	OSPlatform="arm64"
	Is64Bits="1"
	VendorString="Apple"
	VendorID="Apple"
	FamilyID="0"
	ModelID="0"
	ModelName="Apple M1"
	ProcessorCacheSize="131072"
	NumberOfLogicalCPU="8"
	NumberOfPhysicalCPU="8"
	TotalVirtualMemory="10240"
	TotalPhysicalMemory="8192"
	LogicalProcessorsPerPhysical="8"
	ProcessorClockFrequency="0"
	>
	<Testing>
		<StartDateTime>Dec 04 20:17 IST</StartDateTime>
		<StartTestTime>1733336225</StartTestTime>
		<TestList/>
		<EndDateTime>Dec 04 20:17 IST</EndDateTime>
		<EndTestTime>1733336225</EndTestTime>
		<ElapsedMinutes>0</ElapsedMinutes>
	</Testing>
</Site>
